[1012/191832.924:ERROR:directory_reader_win.cc(43)] FindFirstFile: O sistema não pode encontrar o caminho especificado. (0x3)
[1012/234344.288:ERROR:process_info.cc(329)] VirtualQueryEx: Acesso negado. (0x5)
[1012/234345.208:ERROR:process_info.cc(556)] ReadMemoryInfo failed
[1012/234344.432:ERROR:process_reader_win.cc(123)] NtOpenThread: {Acesso Negado} Um processo solicitou acesso a um objeto, mas o direito de acesso não lhe foi concedido. (0xc0000022)
[1012/234345.247:ERROR:exception_snapshot_win.cc(99)] thread ID 10060 not found in process
[1012/234343.876:ERROR:process_reader_win.cc(123)] NtOpenThread: {Acesso Negado} Um processo solicitou acesso a um objeto, mas o direito de acesso não lhe foi concedido. (0xc0000022)
[1012/234343.970:ERROR:process_reader_win.cc(123)] NtOpenThread: {Acesso Negado} Um processo solicitou acesso a um objeto, mas o direito de acesso não lhe foi concedido. (0xc0000022)
[1012/234343.857:ERROR:process_reader_win.cc(123)] NtOpenThread: {Acesso Negado} Um processo solicitou acesso a um objeto, mas o direito de acesso não lhe foi concedido. (0xc0000022)
[1012/234344.016:ERROR:process_reader_win.cc(123)] NtOpenThread: {Acesso Negado} Um processo solicitou acesso a um objeto, mas o direito de acesso não lhe foi concedido. (0xc0000022)
[1012/234343.891:ERROR:process_reader_win.cc(123)] NtOpenThread: {Acesso Negado} Um processo solicitou acesso a um objeto, mas o direito de acesso não lhe foi concedido. (0xc0000022)
[1012/234343.891:ERROR:process_reader_win.cc(123)] NtOpenThread: {Acesso Negado} Um processo solicitou acesso a um objeto, mas o direito de acesso não lhe foi concedido. (0xc0000022)
[1012/234343.879:ERROR:process_reader_win.cc(123)] NtOpenThread: {Acesso Negado} Um processo solicitou acesso a um objeto, mas o direito de acesso não lhe foi concedido. (0xc0000022)
[1012/234344.543:ERROR:process_reader_win.cc(123)] NtOpenThread: {Acesso Negado} Um processo solicitou acesso a um objeto, mas o direito de acesso não lhe foi concedido. (0xc0000022)
[1012/234345.249:ERROR:exception_snapshot_win.cc(99)] thread ID 12496 not found in process
[1012/234345.249:ERROR:exception_snapshot_win.cc(99)] thread ID 10628 not found in process
[1012/234345.249:ERROR:exception_snapshot_win.cc(99)] thread ID 3160 not found in process
[1012/234345.249:ERROR:exception_snapshot_win.cc(99)] thread ID 12624 not found in process
[1012/234345.249:ERROR:exception_snapshot_win.cc(99)] thread ID 11328 not found in process
[1012/234345.249:ERROR:exception_snapshot_win.cc(99)] thread ID 7860 not found in process
[1012/234345.249:ERROR:exception_snapshot_win.cc(99)] thread ID 284 not found in process
[1012/234345.249:ERROR:exception_snapshot_win.cc(99)] thread ID 13200 not found in process
[1012/234345.445:ERROR:scoped_process_suspend.cc(40)] NtResumeProcess: Tentou-se acessar um processo de saída. (0xc000010a)
[1012/234345.445:ERROR:scoped_process_suspend.cc(40)] NtResumeProcess: Tentou-se acessar um processo de saída. (0xc000010a)
[1012/234345.445:ERROR:scoped_process_suspend.cc(40)] NtResumeProcess: Tentou-se acessar um processo de saída. (0xc000010a)
[1012/234345.445:ERROR:scoped_process_suspend.cc(40)] NtResumeProcess: Tentou-se acessar um processo de saída. (0xc000010a)
[1012/234345.445:ERROR:scoped_process_suspend.cc(40)] NtResumeProcess: Tentou-se acessar um processo de saída. (0xc000010a)
[1012/234345.445:ERROR:scoped_process_suspend.cc(40)] NtResumeProcess: Tentou-se acessar um processo de saída. (0xc000010a)
[1012/234345.445:ERROR:scoped_process_suspend.cc(40)] NtResumeProcess: Tentou-se acessar um processo de saída. (0xc000010a)
[1012/234345.445:ERROR:scoped_process_suspend.cc(40)] NtResumeProcess: Tentou-se acessar um processo de saída. (0xc000010a)
[1012/234345.445:ERROR:scoped_process_suspend.cc(40)] NtResumeProcess: Tentou-se acessar um processo de saída. (0xc000010a)
[1012/234345.445:ERROR:scoped_process_suspend.cc(40)] NtResumeProcess: Tentou-se acessar um processo de saída. (0xc000010a)
[1013/001356.329:ERROR:directory_reader_win.cc(43)] FindFirstFile: O sistema não pode encontrar o caminho especificado. (0x3)
[1013/081821.704:ERROR:directory_reader_win.cc(43)] FindFirstFile: O sistema não pode encontrar o caminho especificado. (0x3)
